\BOOKMARK [0][-]{Doc-Start}{\376\377\000C\000o\000n\000t\000e\000n\000t\000s}{}% 1
\BOOKMARK [0][-]{chapter*.1}{\376\377\000L\000i\000s\000t\000\040\000o\000f\000\040\000F\000i\000g\000u\000r\000e\000s}{}% 2
\BOOKMARK [0][-]{chapter*.2}{\376\377\000L\000i\000s\000t\000\040\000o\000f\000\040\000T\000a\000b\000l\000e\000s}{}% 3
\BOOKMARK [0][-]{chapter.1}{\376\377\000I\000n\000t\000r\000o\000d\000u\000c\000t\000i\000o\000n}{}% 4
\BOOKMARK [0][-]{chapter.2}{\376\377\000L\000i\000t\000e\000r\000a\000t\000u\000r\000e\000\040\000R\000e\000v\000i\000e\000w}{}% 5
\BOOKMARK [0][-]{chapter.3}{\376\377\000S\000l\000e\000e\000p\000G\000C\000N\000-\000T\000r\000a\000n\000s\000f\000o\000r\000m\000e\000r\000\040\000H\000y\000b\000r\000i\000d\000\040\000G\000r\000a\000p\000h\000\040\000C\000o\000n\000v\000o\000l\000u\000t\000i\000o\000n\000\040\000a\000n\000d\000\040\000T\000r\000a\000n\000s\000f\000o\000m\000e\000r\000\040\000N\000e\000t\000w\000o\000r\000k\000\040\000M\000e\000t\000h\000o\000d\000o\000l\000o\000g\000y}{}% 6
\BOOKMARK [1][-]{section.3.1}{\376\377\000M\000e\000t\000h\000o\000d\000o\000l\000o\000g\000y}{chapter.3}% 7
\BOOKMARK [2][-]{subsection.3.1.1}{\376\377\000I\000n\000p\000u\000t\000\040\000D\000a\000t\000a\000\040\000a\000n\000d\000\040\000P\000r\000e\000p\000r\000o\000c\000e\000s\000s\000i\000n\000g}{section.3.1}% 8
\BOOKMARK [2][-]{subsection.3.1.2}{\376\377\000G\000r\000a\000p\000h\000\040\000C\000o\000n\000s\000t\000r\000u\000c\000t\000i\000o\000n}{section.3.1}% 9
\BOOKMARK [2][-]{subsection.3.1.3}{\376\377\000G\000C\000N\000\040\000L\000a\000y\000e\000r\000s\000\040\000f\000o\000r\000\040\000S\000p\000a\000t\000i\000a\000l\000\040\000F\000e\000a\000t\000u\000r\000e\000\040\000E\000x\000t\000r\000a\000c\000t\000i\000o\000n}{section.3.1}% 10
\BOOKMARK [2][-]{subsection.3.1.4}{\376\377\000T\000r\000a\000n\000s\000f\000o\000r\000m\000e\000r\000\040\000E\000n\000c\000o\000d\000e\000r\000\040\000f\000o\000r\000\040\000T\000e\000m\000p\000o\000r\000a\000l\000\040\000D\000e\000p\000e\000n\000d\000e\000n\000c\000i\000e\000s}{section.3.1}% 11
\BOOKMARK [2][-]{subsection.3.1.5}{\376\377\000L\000o\000s\000s\000\040\000F\000u\000n\000c\000t\000i\000o\000n\000\040\000a\000n\000d\000\040\000O\000p\000t\000i\000m\000i\000z\000a\000t\000i\000o\000n}{section.3.1}% 12
\BOOKMARK [0][-]{chapter.4}{\376\377\000R\000e\000s\000u\000l\000t\000s\000\040\000a\000n\000d\000\040\000D\000i\000s\000c\000u\000s\000s\000i\000o\000n}{}% 13
\BOOKMARK [1][-]{subsection.4.0.1}{\376\377\000T\000e\000s\000t\000i\000n\000g\000\040\000D\000a\000t\000a\000\040\000D\000i\000s\000t\000r\000i\000b\000u\000t\000i\000o\000n\000\040\000A\000n\000a\000l\000y\000s\000i\000s}{chapter.4}% 14
\BOOKMARK [2][-]{subsection.4.0.2}{\376\377\000M\000o\000d\000e\000l\000\040\000P\000e\000r\000f\000o\000r\000m\000a\000n\000c\000e\000:\000\040\000T\000r\000a\000i\000n\000i\000n\000g\000\040\000v\000s\000\040\000T\000e\000s\000t\000i\000n\000g}{subsection.4.0.1}% 15
\BOOKMARK [2][-]{subsection.4.0.3}{\376\377\000M\000o\000d\000e\000l\000\040\000E\000v\000a\000l\000u\000a\000t\000i\000o\000n\000:\000\040\000C\000o\000n\000f\000u\000s\000i\000o\000n\000\040\000M\000a\000t\000r\000i\000x}{subsection.4.0.1}% 16
\BOOKMARK [2][-]{subsection.4.0.4}{\376\377\000G\000r\000a\000d\000i\000e\000n\000t\000\040\000A\000n\000a\000l\000y\000s\000i\000s\000:\000\040\000T\000r\000a\000i\000n\000i\000n\000g\000\040\000P\000r\000o\000g\000r\000e\000s\000s\000i\000o\000n}{subsection.4.0.1}% 17
\BOOKMARK [2][-]{subsection.4.0.5}{\376\377\000P\000e\000r\000f\000o\000r\000m\000a\000n\000c\000e\000\040\000M\000e\000t\000r\000i\000c\000s\000:\000\040\000P\000r\000e\000c\000i\000s\000i\000o\000n\000,\000\040\000R\000e\000c\000a\000l\000l\000,\000\040\000F\0001\000-\000S\000c\000o\000r\000e}{subsection.4.0.1}% 18
\BOOKMARK [2][-]{subsection.4.0.6}{\376\377\000F\000e\000a\000t\000u\000r\000e\000\040\000I\000m\000p\000o\000r\000t\000a\000n\000c\000e\000\040\000A\000n\000a\000l\000y\000s\000i\000s\000\040\000w\000i\000t\000h\000\040\000L\000I\000M\000E}{subsection.4.0.1}% 19
\BOOKMARK [0][-]{chapter.5}{\376\377\000C\000o\000n\000c\000l\000u\000s\000i\000o\000n}{}% 20
\BOOKMARK [0][-]{chapter.6}{\376\377\000R\000e\000f\000e\000r\000e\000n\000c\000e}{}% 21
